{"level":"info","message":"Getting data from local cache!","timestamp":"2014-09-27T23:02:27.124Z"}
{"level":"info","message":"Local cache call mid: /m/0dzf_","timestamp":"2014-09-27T23:04:07.497Z"}
{"level":"info","message":"[QEEME] Local cache call mid: /m/0dzf_","timestamp":"2014-09-27T23:06:01.686Z"}
{"level":"info","message":"[QEEME] Local cache call mid: /m/0dzf_","timestamp":"2014-09-27T23:06:07.717Z"}
{"level":"info","message":"[QEEME] Local cache call mid: /m/0dzf_","timestamp":"2014-09-27T23:06:08.677Z"}
{"level":"info","message":"[QEEME] Local cache call mid: /m/0dzf_","timestamp":"2014-09-27T23:06:09.171Z"}
{"level":"info","message":"Local cache call mid: /m/0484q","timestamp":"2014-10-01T02:58:11.192Z"}
{"level":"info","message":"Local cache call mid: /m/0484q","timestamp":"2014-10-01T03:06:29.223Z"}
{"level":"info","message":"Local cache call mid: /m/0484q","timestamp":"2014-10-01T03:06:59.755Z"}
{"level":"info","message":"Local cache call mid: /m/0484q","timestamp":"2014-10-01T03:12:51.093Z"}
{"level":"info","message":"Local cache call mid: /m/0484q","timestamp":"2014-10-01T03:18:54.074Z"}
{"level":"info","message":"Local cache call mid: /m/0484q","timestamp":"2014-10-01T03:20:07.124Z"}
{"level":"info","message":"Local cache call mid: /m/0484q","timestamp":"2014-10-01T03:21:33.117Z"}
{"level":"info","message":"Local cache call mid: /m/0484q","timestamp":"2014-10-01T03:22:32.397Z"}
{"level":"info","message":"Local cache call mid: /m/0484q","timestamp":"2014-10-01T03:31:53.892Z"}
{"level":"info","message":"Local cache call mid: /m/0484q","timestamp":"2014-10-01T03:35:51.580Z"}
{"level":"info","message":"Local cache call mid: /m/0484q","timestamp":"2014-10-01T03:39:04.936Z"}
{"level":"info","message":"Local cache call mid: /m/0484q","timestamp":"2014-10-01T03:41:01.895Z"}
{"level":"info","message":"Local cache call mid: /m/0484q","timestamp":"2014-10-01T03:41:10.387Z"}
{"level":"info","message":"Local cache call mid: /m/0484q","timestamp":"2014-10-01T03:41:34.237Z"}
{"level":"info","message":"Local cache call mid: /m/0484q","timestamp":"2014-10-01T03:41:38.267Z"}
{"level":"info","message":"Local cache call mid: /m/0484q","timestamp":"2014-10-01T03:42:00.960Z"}
{"level":"info","message":"Local cache call mid: /m/0484q","timestamp":"2014-10-01T03:44:13.321Z"}
{"level":"info","message":"Local cache call mid: /m/0484q","timestamp":"2014-10-01T03:45:00.185Z"}
{"level":"info","message":"Local cache call mid: /m/0484q","timestamp":"2014-10-01T03:49:30.443Z"}
{"level":"info","message":"Local cache call mid: /m/0484q","timestamp":"2014-10-01T03:51:24.330Z"}
{"level":"info","message":"Local cache call mid: /m/0484q","timestamp":"2014-10-01T03:53:48.068Z"}
{"level":"info","message":"Local cache call mid: /m/0484q","timestamp":"2014-10-01T04:00:48.659Z"}
{"level":"info","message":"Local cache call mid: /m/0484q","timestamp":"2014-10-01T04:02:30.506Z"}
{"level":"info","message":"Local cache call mid: /m/02mjmr","timestamp":"2014-10-01T04:04:36.637Z"}
{"level":"info","message":"Local cache call mid: /m/02mjmr","timestamp":"2014-10-01T04:04:52.648Z"}
{"level":"info","message":"Local cache call mid: /m/02mjmr","timestamp":"2014-10-01T04:04:54.729Z"}
{"level":"info","message":"Local cache call mid: /m/02mjmr","timestamp":"2014-10-01T04:04:56.898Z"}
{"level":"info","message":"Local cache call mid: /m/02mjmr","timestamp":"2014-10-01T04:05:05.566Z"}
{"level":"info","message":"Freebase call mid: /m/042dk","timestamp":"2014-10-01T04:06:40.091Z"}
{"level":"info","message":"Local cache call mid: /m/042dk","timestamp":"2014-10-01T04:07:06.488Z"}
{"level":"info","message":"Local cache call mid: /m/042dk","timestamp":"2014-10-01T04:07:16.576Z"}
{"level":"info","message":"Local cache call mid: /m/042dk","timestamp":"2014-10-01T04:08:19.693Z"}
{"level":"info","message":"Freebase call mid: /m/01wmjkb","timestamp":"2014-10-01T04:09:35.939Z"}
{"level":"info","message":"Local cache call mid: /m/01wmjkb","timestamp":"2014-10-01T04:09:49.204Z"}
{"level":"info","message":"Freebase call mid: /m/01rh0w","timestamp":"2014-10-01T04:10:27.355Z"}
{"level":"info","message":"Local cache call mid: /m/01rh0w","timestamp":"2014-10-01T04:10:29.329Z"}
{"level":"info","message":"Local cache call mid: /m/01rh0w","timestamp":"2014-10-01T04:10:39.543Z"}
{"level":"info","message":"Local cache call mid: /m/01rh0w","timestamp":"2014-10-01T04:11:10.075Z"}
{"level":"info","message":"Local cache call mid: /m/01rh0w","timestamp":"2014-10-01T04:11:17.581Z"}
{"level":"info","message":"Local cache call mid: /m/01rh0w","timestamp":"2014-10-01T04:15:04.221Z"}
